<?xml version="1.0" encoding="UTF-8"?>
<!-- Generated by org.testng.reporters.JUnitXMLReporter -->
<testsuite ignored="0" hostname="LAP00207" failures="2" tests="4" name="create12" time="62.131" errors="0" timestamp="2024-02-27T11:01:17 IST">
  <testcase classname="com.playbook.testcases.Tc04" name="SignIn" time="19.199"/>
  <testcase classname="com.playbook.testcases.Tc04" name="sidenav" time="12.343">
    <failure type="java.lang.AssertionError" message="expected [true] but found [false]">
      <![CDATA[java.lang.AssertionError: expected [true] but found [false]
at com.playbook.testcases.Tc04.sidenav(Tc04.java:33)
at java.base/java.util.ArrayList.forEach(ArrayList.java:1511)
... Removed 33 stack frames]]>
    </failure>
  </testcase> <!-- sidenav -->
  <testcase classname="com.playbook.testcases.Tc05" name="m1" time="11.862">
    <failure type="java.lang.AssertionError" message="expected [true] but found [false]">
      <![CDATA[java.lang.AssertionError: expected [true] but found [false]
at com.playbook.testcases.Tc05.m1(Tc05.java:18)
at java.base/java.util.ArrayList.forEach(ArrayList.java:1511)
... Removed 33 stack frames]]>
    </failure>
  </testcase> <!-- m1 -->
  <testcase classname="com.playbook.testcases.Tc05" name="m2" time="0.001"/>
</testsuite> <!-- create12 -->
