<?xml version="1.0" encoding="UTF-8"?>
<!-- Generated by org.testng.reporters.JUnitXMLReporter -->
<testsuite ignored="0" hostname="LAP00207" failures="1" tests="2" name="Test" time="217.114" errors="0" timestamp="2024-02-21T11:00:39 IST">
  <testcase classname="com.playbook.testcases.Tc03" name="runDetails" time="99.994">
    <failure type="java.lang.AssertionError" message="expected [true] but found [false]">
      <![CDATA[java.lang.AssertionError: expected [true] but found [false]
at com.playbook.testcases.Tc03.runDetails(Tc03.java:20)
at java.base/java.util.ArrayList.forEach(ArrayList.java:1511)
... Removed 33 stack frames]]>
    </failure>
  </testcase> <!-- runDetails -->
  <testcase classname="com.playbook.testcases.Tc03" name="testcase" time="100.489"/>
</testsuite> <!-- Test -->
