<?xml version="1.0" encoding="UTF-8"?>
<!-- Generated by org.testng.reporters.JUnitXMLReporter -->
<testsuite ignored="0" hostname="LAP00207" failures="0" tests="1" name="Test2" time="0.062" errors="0" timestamp="2024-02-20T16:00:31 IST">
  <testcase classname="com.framework.Baseclass.BrowserSetup" name="@BeforeMethod beforeMethodMethod" time="-1.708425031144E9">
    <failure type="org.testng.TestNGException" message="
Can inject only one of &amp;lt;ITestContext, XmlTest, Method, Object[], ITestResult&amp;gt; into a @BeforeMethod annotated beforeMethodMethod.
For more information on native dependency injection please refer to https://testng.org/doc/documentation-main.html#native-dependency-injection">
      <![CDATA[org.testng.TestNGException: 
Can inject only one of <ITestContext, XmlTest, Method, Object[], ITestResult> into a @BeforeMethod annotated beforeMethodMethod.
For more information on native dependency injection please refer to https://testng.org/doc/documentation-main.html#native-dependency-injection
at java.base/java.util.ArrayList.forEach(ArrayList.java:1511)
... Removed 28 stack frames]]>
    </failure>
  </testcase> <!-- @BeforeMethod beforeMethodMethod -->
  <testcase classname="com.framework.Baseclass.BrowserSetup" name="@AfterMethod afterMethodMethod" time="-1.708425031148E9">
    <skipped/>
  </testcase> <!-- @AfterMethod afterMethodMethod -->
  <testcase classname="com.playbook.testcases.Tc03" name="runDetails" time="0.0">
    <skipped/>
  </testcase> <!-- runDetails -->
</testsuite> <!-- Test2 -->
