<?xml version="1.0" encoding="UTF-8"?>
<testng-results ignored="0" total="1" passed="1" failed="0" skipped="0">
  <reporter-output>
  </reporter-output>
  <suite started-at="2024-02-27T17:36:42 IST" name="Default suite" finished-at="2024-02-27T17:37:17 IST" duration-ms="34191">
    <groups>
    </groups>
    <test started-at="2024-02-27T17:36:42 IST" name="Default test" finished-at="2024-02-27T17:37:17 IST" duration-ms="34191">
      <class name="com.playbook.testcases.Tc04">
        <test-method is-config="true" signature="beforeMethod()[pri:0, instance:com.playbook.testcases.Tc04@229c6181]" started-at="2024-02-27T17:36:42 IST" name="beforeMethod" finished-at="2024-02-27T17:36:50 IST" duration-ms="7712" status="PASS">
          <reporter-output>
          </reporter-output>
        </test-method> <!-- beforeMethod -->
        <test-method signature="playbooklist()[pri:2, instance:com.playbook.testcases.Tc04@229c6181]" started-at="2024-02-27T17:36:50 IST" name="playbooklist" finished-at="2024-02-27T17:37:17 IST" duration-ms="26424" status="PASS">
          <reporter-output>
          </reporter-output>
        </test-method> <!-- playbooklist -->
        <test-method is-config="true" signature="afterMethod()[pri:0, instance:com.playbook.testcases.Tc04@229c6181]" started-at="2024-02-27T17:37:17 IST" name="afterMethod" finished-at="2024-02-27T17:37:17 IST" duration-ms="0" status="PASS">
          <reporter-output>
          </reporter-output>
        </test-method> <!-- afterMethod -->
      </class> <!-- com.playbook.testcases.Tc04 -->
    </test> <!-- Default test -->
  </suite> <!-- Default suite -->
</testng-results>
